Arguments: 
  C:\Program Files\nodejs\node.exe C:\Program Files (x86)\Yarn\bin\yarn.js add @babel -D

PATH: 
  C:\Windows\system32;C:\Windows;C:\Windows\System32\Wbem;C:\Windows\System32\WindowsPowerShell\v1.0\;C:\Windows\System32\OpenSSH\;C:\Program Files (x86)\NVIDIA Corporation\PhysX\Common;C:\Program Files\NVIDIA Corporation\NVIDIA NvDLISR;C:\ProgramData\chocolatey\bin;C:\Program Files (x86)\Yarn\bin\;C:\Program Files\Git\cmd;C:\Program Files (x86)\Microsoft SQL Server\160\DTS\Binn\;C:\Program Files\Azure Data Studio\bin;C:\Users\Thays\AppData\Roaming\nvm;C:\Program Files\nodejs;C:\Program Files\Docker\Docker\resources\bin;C:\Program Files\Microsoft SQL Server\150\Tools\Binn\;C:\Program Files\Microsoft SQL Server\Client SDK\ODBC\170\Tools\Binn\;C:\Program Files\dotnet\;C:\Users\Thays\AppData\Local\Microsoft\WindowsApps;C:\Users\Thays\AppData\Local\Programs\Microsoft VS Code\bin;C:\Users\Thays\AppData\Roaming\npm;C:\Users\Thays\AppData\Local\Yarn\bin;C:\Users\Thays\AppData\Local\GitHubDesktop\bin;C:\Program Files\Azure Data Studio\bin;C:\Users\Thays\AppData\Roaming\nvm;C:\Program Files\nodejs;C:\Users\Thays\.dotnet\tools

Yarn version: 
  1.22.19

Node version: 
  18.12.1

Platform: 
  win32 x64

Trace: 
  Error: https://registry.yarnpkg.com/@babel: Request "https://registry.yarnpkg.com/@babel" returned a 405
      at params.callback [as _callback] (C:\Program Files (x86)\Yarn\lib\cli.js:66154:18)
      at self.callback (C:\Program Files (x86)\Yarn\lib\cli.js:140890:22)
      at Request.emit (node:events:513:28)
      at Request.<anonymous> (C:\Program Files (x86)\Yarn\lib\cli.js:141862:10)
      at Request.emit (node:events:513:28)
      at IncomingMessage.<anonymous> (C:\Program Files (x86)\Yarn\lib\cli.js:141784:12)
      at Object.onceWrapper (node:events:627:28)
      at IncomingMessage.emit (node:events:525:35)
      at endReadableNT (node:internal/streams/readable:1359:12)
      at process.processTicksAndRejections (node:internal/process/task_queues:82:21)

npm manifest: 
  {
    "name": "01-github-explorer",
    "version": "1.0.0",
    "main": "index.js",
    "license": "MIT",
    "scripts": {
      "dev": "webpack serve",
      "build": "cross-env NODE_ENV=production webpack",
      "test": "jest --watchAll"
    },
    "dependencies": {
      "react": "^17.0.1",
      "react-dom": "^17.0.1",
      "react-icons": "^4.2.0"
    },
    "devDependencies": {
      "@babel/cli": "^7.12.10",
      "@babel/core": "^7.12.10",
      "@babel/preset-env": "^7.12.11",
      "@babel/preset-react": "^7.12.10",
      "@babel/preset-typescript": "^7.12.7",
      "@pmmmwh/react-refresh-webpack-plugin": "^0.4.3",
      "@testing-library/jest-dom": "^5.11.9",
      "@testing-library/react": "^11.2.5",
      "@types/react-dom": "^17.0.0",
      "babel-loader": "^8.2.2",
      "babel-preset-react-app": "^10.0.0",
      "cross-env": "^7.0.3",
      "css-loader": "^5.0.1",
      "html-webpack-plugin": "^4.5.1",
      "identity-obj-proxy": "^3.0.0",
      "jest": "^26.6.3",
      "node-sass": "^6.0.1",
      "react-app-polyfill": "^2.0.0",
      "react-refresh": "^0.9.0",
      "sass-loader": "^10.1.1",
      "style-loader": "^2.0.0",
      "ts-node": "^9.1.1",
      "typescript": "^4.1.3",
      "webpack": "^5.17.0",
      "webpack-cli": "^4.4.0",
      "webpack-dev-server": "^3.11.2"
    }
  }

yarn manifest: 
  No manifest

Lockfile: 
  No lockfile
